-------------------------------------------------------------------------------
Test set: com.bootdo.clouddobase.ClouddoLogApplicationTests
-------------------------------------------------------------------------------
Tests run: 1, Failures: 0, Errors: 1, Skipped: 0, Time elapsed: 0.572 s <<< FAILURE! - in com.bootdo.clouddobase.ClouddoLogApplicationTests
initializationError(com.bootdo.clouddobase.ClouddoLogApplicationTests)  Time elapsed: 0.001 s  <<< ERROR!
java.lang.IllegalStateException: Unable to find a @SpringBootConfiguration, you need to use @ContextConfiguration or @SpringBootTest(classes=...) with your test

